Removed Member From Class: ClassName=Irradiance Sensor Member=12
Removed Member From Class: ClassName=Irradiance Sensor Member=26
Change Component Comment : Designator=19 Old Comment=Res New Comment=
Change Component Comment : Designator=20 Old Comment=Res New Comment=
Change Component Designator: OldDesignator=2 NewDesignator=C1
Change Component Designator: OldDesignator=3 NewDesignator=R1
Change Component Designator: OldDesignator=4 NewDesignator=OP1
Change Component Designator: OldDesignator=5 NewDesignator=R4
Change Component Designator: OldDesignator=6 NewDesignator=R6
Change Component Designator: OldDesignator=7 NewDesignator=R7
Change Component Designator: OldDesignator=8 NewDesignator=R12
Change Component Designator: OldDesignator=9 NewDesignator=R13
Change Component Designator: OldDesignator=10 NewDesignator=R14
Change Component Designator: OldDesignator=11 NewDesignator=R15
Change Component Designator: OldDesignator=12 NewDesignator=2
Change Component Designator: OldDesignator=13 NewDesignator=R16
Change Component Designator: OldDesignator=14 NewDesignator=R17
Change Component Designator: OldDesignator=15 NewDesignator=R18
Change Component Designator: OldDesignator=16 NewDesignator=R19
Change Component Designator: OldDesignator=17 NewDesignator=R20
Change Component Designator: OldDesignator=18 NewDesignator=R21
Change Component Designator: OldDesignator=19 NewDesignator=R22
Change Component Designator: OldDesignator=20 NewDesignator=R23
Change Component Designator: OldDesignator=21 NewDesignator=R24
Change Component Designator: OldDesignator=22 NewDesignator=R25
Change Component Designator: OldDesignator=23 NewDesignator=R26
Change Component Designator: OldDesignator=24 NewDesignator=R27
Change Component Designator: OldDesignator=25 NewDesignator=R28
Change Component Designator: OldDesignator=26 NewDesignator=3
Change Component Designator: OldDesignator=C1 NewDesignator=C2
Change Component Designator: OldDesignator=C2 NewDesignator=C3
Change Component Designator: OldDesignator=C3 NewDesignator=C4
Change Component Designator: OldDesignator=C4 NewDesignator=C5
Change Component Designator: OldDesignator=C5 NewDesignator=C6
Change Component Designator: OldDesignator=C6 NewDesignator=C7
Change Component Designator: OldDesignator=C7 NewDesignator=C8
Change Component Designator: OldDesignator=C8 NewDesignator=C9
Change Component Designator: OldDesignator=C9 NewDesignator=C10
Change Component Designator: OldDesignator=C10 NewDesignator=C11
Change Component Designator: OldDesignator=C11 NewDesignator=C12
Change Component Designator: OldDesignator=C12 NewDesignator=C13
Change Component Designator: OldDesignator=C13 NewDesignator=C14
Change Component Designator: OldDesignator=C14 NewDesignator=C15
Change Component Designator: OldDesignator=C15 NewDesignator=C16
Change Component Designator: OldDesignator=C16 NewDesignator=C17
Change Component Designator: OldDesignator=R1 NewDesignator=R2
Change Component Designator: OldDesignator=R2 NewDesignator=R3
Change Component Designator: OldDesignator=R3 NewDesignator=R5
Change Component Designator: OldDesignator=R4 NewDesignator=R8
Change Component Designator: OldDesignator=R5 NewDesignator=R9
Change Component Designator: OldDesignator=R6 NewDesignator=R10
Change Component Designator: OldDesignator=R7 NewDesignator=R11
Change component parameters: Designator = "3" ("3"); Footprint = "RESC2012X11N"; UniqueID = "\BMMWCKNE" ("\BMMWCKNE")
Change component parameters (AddParameter): Name = "Value"; Value = "1k"; VariantName = "[No Variations]"
Change component parameters: Designator = "5" ("5"); Footprint = "RESC2012X11N"; UniqueID = "\ROBGPRYE" ("\ROBGPRYE")
Change component parameters (AddParameter): Name = "Value"; Value = "1k"; VariantName = "[No Variations]"
Change component parameters: Designator = "6" ("6"); Footprint = "RESC2012X11N"; UniqueID = "\OVXWDXXA" ("\OVXWDXXA")
Change component parameters (AddParameter): Name = "Value"; Value = "1k"; VariantName = "[No Variations]"
Change component parameters: Designator = "7" ("7"); Footprint = "RESC2012X11N"; UniqueID = "\LEADJQKD" ("\LEADJQKD")
Change component parameters (AddParameter): Name = "Value"; Value = "1k"; VariantName = "[No Variations]"
Change component parameters: Designator = "8" ("8"); Footprint = "RESC2012X11N"; UniqueID = "\HWDNBDGB" ("\HWDNBDGB")
Change component parameters (AddParameter): Name = "Value"; Value = "1k"; VariantName = "[No Variations]"
Change component parameters: Designator = "9" ("9"); Footprint = "RESC2012X11N"; UniqueID = "\NMZNUYOV" ("\NMZNUYOV")
Change component parameters (AddParameter): Name = "Value"; Value = "1k"; VariantName = "[No Variations]"
Change component parameters: Designator = "10" ("10"); Footprint = "RESC2012X11N"; UniqueID = "\PDTADUOP" ("\PDTADUOP")
Change component parameters (AddParameter): Name = "Value"; Value = "1k"; VariantName = "[No Variations]"
Change component parameters: Designator = "11" ("11"); Footprint = "RESC2012X11N"; UniqueID = "\LVNBIAGL" ("\LVNBIAGL")
Change component parameters (AddParameter): Name = "Value"; Value = "1k"; VariantName = "[No Variations]"
Change component parameters: Designator = "12" ("12"); Footprint = "RESC2012X11N"; UniqueID = "\MOPNVJZJ" ("\MOPNVJZJ")
Change component parameters (AddParameter): Name = "Value"; Value = "1k"; VariantName = "[No Variations]"
Change component parameters: Designator = "13" ("13"); Footprint = "RESC2012X11N"; UniqueID = "\MTSTSLKF" ("\MTSTSLKF")
Change component parameters (AddParameter): Name = "Value"; Value = "1k"; VariantName = "[No Variations]"
Change component parameters: Designator = "14" ("14"); Footprint = "RESC2012X11N"; UniqueID = "\LFFLXELB" ("\LFFLXELB")
Change component parameters (AddParameter): Name = "Value"; Value = "1k"; VariantName = "[No Variations]"
Change component parameters: Designator = "15" ("15"); Footprint = "RESC2012X11N"; UniqueID = "\CUAQZPRJ" ("\CUAQZPRJ")
Change component parameters (AddParameter): Name = "Value"; Value = "1k"; VariantName = "[No Variations]"
Change component parameters: Designator = "16" ("16"); Footprint = "RESC2012X11N"; UniqueID = "\ZUBGEKQV" ("\ZUBGEKQV")
Change component parameters (AddParameter): Name = "Value"; Value = "1k"; VariantName = "[No Variations]"
Change component parameters: Designator = "17" ("17"); Footprint = "RESC2012X11N"; UniqueID = "\OJJZIAXF" ("\OJJZIAXF")
Change component parameters (AddParameter): Name = "Value"; Value = "1k"; VariantName = "[No Variations]"
Change component parameters: Designator = "18" ("18"); Footprint = "RESC2012X11N"; UniqueID = "\QEZYNTZS" ("\QEZYNTZS")
Change component parameters (AddParameter): Name = "Value"; Value = "1k"; VariantName = "[No Variations]"
Change component parameters: Designator = "19" ("19"); Footprint = "RESC2012X11N"; UniqueID = "\TLCSGUHS" ("\TLCSGUHS")
Change component parameters (AddParameter): Name = "Value"; Value = "1k"; VariantName = "[No Variations]"
Change component parameters: Designator = "20" ("20"); Footprint = "RESC2012X11N"; UniqueID = "\HNKQBSQV" ("\HNKQBSQV")
Change component parameters (AddParameter): Name = "Value"; Value = "1k"; VariantName = "[No Variations]"
Change component parameters: Designator = "21" ("21"); Footprint = "RESC2012X11N"; UniqueID = "\GOVIFZZG" ("\GOVIFZZG")
Change component parameters (AddParameter): Name = "Value"; Value = "1k"; VariantName = "[No Variations]"
Change component parameters: Designator = "22" ("22"); Footprint = "RESC2012X11N"; UniqueID = "\JHFHQQET" ("\JHFHQQET")
Change component parameters (AddParameter): Name = "Value"; Value = "1k"; VariantName = "[No Variations]"
Change component parameters: Designator = "23" ("23"); Footprint = "RESC2012X11N"; UniqueID = "\JHEIQTAU" ("\JHEIQTAU")
Change component parameters (AddParameter): Name = "Value"; Value = "1k"; VariantName = "[No Variations]"
Change component parameters: Designator = "24" ("24"); Footprint = "RESC2012X11N"; UniqueID = "\NPHWMSBA" ("\NPHWMSBA")
Change component parameters (AddParameter): Name = "Value"; Value = "1k"; VariantName = "[No Variations]"
Change component parameters: Designator = "25" ("25"); Footprint = "RESC2012X11N"; UniqueID = "\FVAPKNKY" ("\FVAPKNKY")
Change component parameters (AddParameter): Name = "Value"; Value = "1k"; VariantName = "[No Variations]"
Change component parameters: Designator = "26" ("26"); Footprint = "RESC2012X11N"; UniqueID = "\LJSHSXTW" ("\LJSHSXTW")
Change component parameters (AddParameter): Name = "Value"; Value = "1k"; VariantName = "[No Variations]"
Change component parameters: Designator = "R1" ("R1"); Footprint = "RESC2012X11N"; UniqueID = "\RLPFBFCE" ("\RLPFBFCE")
Change component parameters (AddParameter): Name = "Value"; Value = "1k"; VariantName = "[No Variations]"
Change component parameters: Designator = "R2" ("R2"); Footprint = "RESC2012X11N"; UniqueID = "\UFGBRVDK" ("\UFGBRVDK")
Change component parameters (AddParameter): Name = "Value"; Value = "1k"; VariantName = "[No Variations]"
Change component parameters: Designator = "R3" ("R3"); Footprint = "RESC2012X11N"; UniqueID = "\GWIROWGI" ("\GWIROWGI")
Change component parameters (AddParameter): Name = "Value"; Value = "1k"; VariantName = "[No Variations]"
Change component parameters: Designator = "R4" ("R4"); Footprint = "RESC2012X11N"; UniqueID = "\YUMRCNNS" ("\YUMRCNNS")
Change component parameters (AddParameter): Name = "Value"; Value = "1k"; VariantName = "[No Variations]"
Change component parameters: Designator = "R5" ("R5"); Footprint = "RESC2012X11N"; UniqueID = "\XAQOEXNR" ("\XAQOEXNR")
Change component parameters (AddParameter): Name = "Value"; Value = "1k"; VariantName = "[No Variations]"
Change component parameters: Designator = "R6" ("R6"); Footprint = "RESC2012X11N"; UniqueID = "\ONWROPRV" ("\ONWROPRV")
Change component parameters (AddParameter): Name = "Value"; Value = "1k"; VariantName = "[No Variations]"
Change component parameters: Designator = "R7" ("R7"); Footprint = "RESC2012X11N"; UniqueID = "\BALKVNJB" ("\BALKVNJB")
Change component parameters (AddParameter): Name = "Value"; Value = "1k"; VariantName = "[No Variations]"
Change Net Name : Old Net Name=Net2_1 New Net Name=NetC1_1
Change Net Name : Old Net Name=Net3_1 New Net Name=Net*1_1
Change Net Name : Old Net Name=Net4_2 New Net Name=NetOP1_2
Change Net Name : Old Net Name=Net4_3 New Net Name=NetOP1_3
Change Net Name : Old Net Name=Net21_2 New Net Name=NetL1_2
Change Net Name : Old Net Name=Net22_2 New Net Name=NetL2_2
Change Net Name : Old Net Name=Net23_1 New Net Name=NetP3_3
Change Net Name : Old Net Name=Net24_2 New Net Name=NetP3_4
Change Net Name : Old Net Name=NetR1_2 New Net Name=NetR2_2
Change Net Name : Old Net Name=NetR4_2 New Net Name=NetR8_2
Change Net Name : Old Net Name=NetR6_2 New Net Name=NetR10_2
Added Member To Class: ClassName=Irradiance Sensor Member=Component C17 Cap
Added Member To Class: ClassName=Irradiance Sensor Member=Component R9 Res
