Change Component Designator: OldDesignator=C7 NewDesignator=C8
Change Component Designator: OldDesignator=C8 NewDesignator=C9
Change Component Designator: OldDesignator=C9 NewDesignator=C10
Change Component Designator: OldDesignator=C10 NewDesignator=C11
Change Component Designator: OldDesignator=C11 NewDesignator=C12
Change Component Designator: OldDesignator=C12 NewDesignator=C13
Change Component Designator: OldDesignator=C13 NewDesignator=C14
Change Component Designator: OldDesignator=C14 NewDesignator=C15
Change Component Designator: OldDesignator=C15 NewDesignator=C16
Change Component Designator: OldDesignator=C16 NewDesignator=C17
Change Component Designator: OldDesignator=C17 NewDesignator=C18
Change Component Designator: OldDesignator=C18 NewDesignator=C19
Added Component: Designator=C7(RESC2012X11N)
Add component (AddParameter): Name = "Cap"; Value = "0.1uF"; VariantName = "[No Variations]"
Added Pin To Net: NetName=3.3V Pin=C7-1
Added Pin To Net: NetName=GND Pin=C7-2
Added Member To Class: ClassName=Irradiance Sensor Member=Component 2 Res
Added Member To Class: ClassName=Irradiance Sensor Member=Component C19 Cap
Added Member To Class: ClassName=Irradiance Sensor Member=Component R17 Res
Added Member To Class: ClassName=Irradiance Sensor Member=Component R19 Res
Added Member To Class: ClassName=Irradiance Sensor Member=Component R21 Res
Added Member To Class: ClassName=Irradiance Sensor Member=Component R23
Added Member To Class: ClassName=Irradiance Sensor Member=Component R24
Added Member To Class: ClassName=Irradiance Sensor Member=Component R25 Res
Added Member To Class: ClassName=Irradiance Sensor Member=Component R26 Res
Added Member To Class: ClassName=Irradiance Sensor Member=Component R28 Res
Added Room: Name=Irradiance Sensor
