Removed Member From Class: ClassName=Irradiance Sensor Member=3
Change Component Designator: OldDesignator=2 NewDesignator=R16
Change Component Designator: OldDesignator=3 NewDesignator=2
Change Component Designator: OldDesignator=R16 NewDesignator=R17
Change Component Designator: OldDesignator=R17 NewDesignator=R18
Change Component Designator: OldDesignator=R18 NewDesignator=R19
Change Component Designator: OldDesignator=R19 NewDesignator=R20
Change Component Designator: OldDesignator=R20 NewDesignator=R21
Change Component Designator: OldDesignator=R21 NewDesignator=R22
Change Component Designator: OldDesignator=R22 NewDesignator=R23
Change Component Designator: OldDesignator=R23 NewDesignator=R24
Change Component Designator: OldDesignator=R24 NewDesignator=R25
Change Component Designator: OldDesignator=R25 NewDesignator=R26
Change Component Designator: OldDesignator=R26 NewDesignator=R27
Change Component Designator: OldDesignator=R27 NewDesignator=R28
Change Component Designator: OldDesignator=R28 NewDesignator=R29
Added Member To Class: ClassName=Irradiance Sensor Member=Component C7 Cap
Added Member To Class: ClassName=Irradiance Sensor Member=Component C8 Cap
Added Member To Class: ClassName=Irradiance Sensor Member=Component C10 Cap
Added Member To Class: ClassName=Irradiance Sensor Member=Component C11 Cap
Added Member To Class: ClassName=Irradiance Sensor Member=Component C12 Cap
Added Member To Class: ClassName=Irradiance Sensor Member=Component C14 Cap
Added Member To Class: ClassName=Irradiance Sensor Member=Component C16 Cap
Added Member To Class: ClassName=Irradiance Sensor Member=Component C17 Cap
Added Member To Class: ClassName=Irradiance Sensor Member=Component R29 Res
Added Room: Name=Irradiance Sensor
