Change Component Designator: Old Designator=4 New Designator=3
Change Component Designator: Old Designator=5 New Designator=4
Change Component Designator: Old Designator=6 New Designator=5
Change Component Designator: Old Designator=7 New Designator=6
Change Component Designator: Old Designator=8 New Designator=7
Change Component Designator: Old Designator=9 New Designator=8
Change Component Designator: Old Designator=10 New Designator=11
Change Component Designator: Old Designator=? New Designator=9
Change Component Designator: Old Designator=? New Designator=10
Change Component Designator: Old Designator=C2 New Designator=C1
Change Component Designator: Old Designator=C3 New Designator=C2
Change Component Designator: Old Designator=C4 New Designator=C3
Change Component Designator: Old Designator=C5 New Designator=C4
Change Component Designator: Old Designator=C6 New Designator=C5
Change Component Designator: Old Designator=C7 New Designator=C6
Change Component Designator: Old Designator=C8 New Designator=C7
Change Component Designator: Old Designator=C9 New Designator=C8
Change Component Designator: Old Designator=C10 New Designator=C9
Change Component Designator: Old Designator=C11 New Designator=C10
Change Component Designator: Old Designator=C12 New Designator=C11
Change Component Designator: Old Designator=C13 New Designator=C12
Change Component Designator: Old Designator=C14 New Designator=C13
Change Component Designator: Old Designator=C15 New Designator=C14
Change Component Designator: Old Designator=P2 New Designator=P3
Change Component Designator: Old Designator=P? New Designator=P2
Change Component Designator: Old Designator=S? New Designator=S1
