Remove Pin=U1-3 From Net=PC14
Remove Pin=U1-4 From Net=PC15
Remove Pin=U1-5 From Net=OSCIN
Remove Pin=U1-6 From Net=OSCOUT
Remove Pin=U1-7 From Net=RST
Remove Pin=U1-11 From Net=Irradiance
Remove Pin=U1-12 From Net=TX2
Remove Pin=U1-13 From Net=RX2
Remove Pin=U1-14 From Net=Vin
Remove Pin=U1-15 From Net=Temp
Remove Pin=U1-16 From Net=READY
Remove Pin=U1-17 From Net=LED
Remove Pin=U1-18 From Net=PB0
Remove Pin=U1-19 From Net=PB1
Remove Pin=U1-20 From Net=BOOT1
Remove Pin=U1-21 From Net=PB10
Remove Pin=U1-22 From Net=PB11
Remove Pin=U1-25 From Net=NSS2
Remove Pin=U1-26 From Net=SCK2
Remove Pin=U1-27 From Net=MISO2
Remove Pin=U1-28 From Net=MOSI2
Remove Pin=U1-29 From Net=TxEnable
Remove Pin=U1-30 From Net=TX1
Remove Pin=U1-31 From Net=RX1
Remove Pin=U1-34 From Net=SWDIO
Remove Pin=U1-37 From Net=SWDCLK
Remove Pin=U1-39 From Net=PB3
Remove Pin=U1-40 From Net=PB4
Remove Pin=U1-41 From Net=PB5
Remove Pin=U1-42 From Net=PB6
Remove Pin=U1-43 From Net=PB7
Remove Pin=U1-44 From Net=BOOT0
Remove Pin=U1-45 From Net=PB8
Remove Pin=U1-46 From Net=PB9
